<?xml version="1.0" encoding="UTF-8"?>
<!-- Generated by org.testng.reporters.JUnitReportReporter -->
<testsuite hostname="DESKTOP-G6IBDA0" failures="0" tests="4" name="testCases.TC003_ForgotPasswordTest" time="11.340" errors="0" timestamp="2024-11-24T17:43:05 EET" skipped="0">
  <testcase classname="testCases.TC003_ForgotPasswordTest" name="ForgortPassword" time="2.613"/>
  <testcase classname="testCases.TC003_ForgotPasswordTest" name="ForgortPassword" time="2.564"/>
  <testcase classname="testCases.TC003_ForgotPasswordTest" name="ForgortPassword" time="3.531"/>
  <testcase classname="testCases.TC003_ForgotPasswordTest" name="ForgortPassword" time="2.632"/>
</testsuite> <!-- testCases.TC003_ForgotPasswordTest -->
