<?xml version="1.0" encoding="UTF-8"?>
<!-- Generated by org.testng.reporters.JUnitReportReporter -->
<testsuite hostname="DESKTOP-G6IBDA0" failures="0" tests="2" name="testCases.TC006_FeaturedProducts" time="5.924" errors="0" timestamp="2024-11-24T17:43:05 EET" skipped="0">
  <testcase classname="testCases.TC006_FeaturedProducts" name="AddFeaturedProductToCompare" time="3.720"/>
  <testcase classname="testCases.TC006_FeaturedProducts" name="AddFeaturedProductToCart" time="2.204"/>
</testsuite> <!-- testCases.TC006_FeaturedProducts -->
