<?xml version="1.0" encoding="UTF-8"?>
<!-- Generated by org.testng.reporters.JUnitReportReporter -->
<testsuite hostname="DESKTOP-G6IBDA0" failures="0" tests="6" name="testCases.TC002_LoginTest" time="17.931" errors="0" timestamp="2024-11-24T17:43:05 EET" skipped="0">
  <testcase classname="testCases.TC002_LoginTest" name="Login" time="2.761"/>
  <testcase classname="testCases.TC002_LoginTest" name="Login" time="3.044"/>
  <testcase classname="testCases.TC002_LoginTest" name="Login" time="2.073"/>
  <testcase classname="testCases.TC002_LoginTest" name="Login" time="4.209"/>
  <testcase classname="testCases.TC002_LoginTest" name="Login" time="2.216"/>
  <testcase classname="testCases.TC002_LoginTest" name="validLogin" time="3.628"/>
</testsuite> <!-- testCases.TC002_LoginTest -->
