<?xml version="1.0" encoding="UTF-8"?>
<!-- Generated by org.testng.reporters.JUnitReportReporter -->
<testsuite hostname="DESKTOP-G6IBDA0" failures="0" tests="3" name="testCases.TC005_SelectCurrency" time="4.039" errors="0" timestamp="2024-11-24T17:43:05 EET" skipped="0">
  <testcase classname="testCases.TC005_SelectCurrency" name="ConfirmUSDCurrency" time="1.270"/>
  <testcase classname="testCases.TC005_SelectCurrency" name="ConfirmEuroCurrency" time="1.518"/>
  <testcase classname="testCases.TC005_SelectCurrency" name="ConfirmPoundSterlingCurrency" time="1.251"/>
</testsuite> <!-- testCases.TC005_SelectCurrency -->
