<?xml version="1.0" encoding="UTF-8"?>
<!-- Generated by org.testng.reporters.JUnitReportReporter -->
<testsuite hostname="DESKTOP-G6IBDA0" failures="0" tests="4" name="testCases.TC001_AccountRegisterTest" time="15.658" errors="0" timestamp="2024-11-24T17:43:05 EET" skipped="0">
  <testcase classname="testCases.TC001_AccountRegisterTest" name="invalidRegister" time="3.590"/>
  <testcase classname="testCases.TC001_AccountRegisterTest" name="invalidRegister" time="2.698"/>
  <testcase classname="testCases.TC001_AccountRegisterTest" name="invalidRegister" time="3.290"/>
  <testcase classname="testCases.TC001_AccountRegisterTest" name="invalidRegister" time="6.080"/>
</testsuite> <!-- testCases.TC001_AccountRegisterTest -->
