<?xml version="1.0" encoding="UTF-8"?>
<!-- Generated by org.testng.reporters.JUnitReportReporter -->
<testsuite hostname="DESKTOP-G6IBDA0" failures="0" tests="4" name="testCases.TC003_ForgotPasswordTest" time="9.358" errors="0" timestamp="2024-11-14T12:28:27 EET" skipped="0">
  <testcase classname="testCases.TC003_ForgotPasswordTest" name="ForgortPassword" time="2.129"/>
  <testcase classname="testCases.TC003_ForgotPasswordTest" name="ForgortPassword" time="3.049"/>
  <testcase classname="testCases.TC003_ForgotPasswordTest" name="ForgortPassword" time="2.154"/>
  <testcase classname="testCases.TC003_ForgotPasswordTest" name="ForgortPassword" time="2.026"/>
</testsuite> <!-- testCases.TC003_ForgotPasswordTest -->
