<?xml version="1.0" encoding="UTF-8"?>
<!-- Generated by org.testng.reporters.JUnitReportReporter -->
<testsuite hostname="DESKTOP-G6IBDA0" failures="0" tests="5" name="testCases.TC002_LoginTest" time="15.610" errors="0" timestamp="2024-11-14T12:28:27 EET" skipped="0">
  <testcase classname="testCases.TC002_LoginTest" name="invalidLogin" time="2.161"/>
  <testcase classname="testCases.TC002_LoginTest" name="invalidLogin" time="4.504"/>
  <testcase classname="testCases.TC002_LoginTest" name="invalidLogin" time="4.440"/>
  <testcase classname="testCases.TC002_LoginTest" name="invalidLogin" time="2.315"/>
  <testcase classname="testCases.TC002_LoginTest" name="invalidLogin" time="2.190"/>
</testsuite> <!-- testCases.TC002_LoginTest -->
