<?xml version="1.0" encoding="UTF-8"?>
<!-- Generated by org.testng.reporters.JUnitReportReporter -->
<testsuite hostname="DESKTOP-G6IBDA0" failures="0" tests="1" name="testCases.TC006_FeaturedProducts" time="3.628" errors="0" timestamp="2024-11-16T14:43:15 EET" skipped="0">
  <testcase classname="testCases.TC006_FeaturedProducts" name="AddFeaturedProductToCompare" time="3.628"/>
</testsuite> <!-- testCases.TC006_FeaturedProducts -->
